<?xml version="1.0" encoding="UTF-8"?>
<testng-results ignored="0" total="5" passed="4" failed="1" skipped="0">
  <reporter-output>
  </reporter-output>
  <suite started-at="2023-04-29T03:47:47 PDT" name="Default suite" finished-at="2023-04-29T03:47:48 PDT" duration-ms="1601">
    <groups>
    </groups>
    <test started-at="2023-04-29T03:47:47 PDT" name="Default test" finished-at="2023-04-29T03:47:48 PDT" duration-ms="1601">
      <class name="StoreProcedureTesting.SPTesting">
        <test-method is-config="true" signature="setup()[pri:0, instance:StoreProcedureTesting.SPTesting@2accdbb5]" started-at="2023-04-29T03:47:47 PDT" name="setup" finished-at="2023-04-29T03:47:48 PDT" duration-ms="946" status="PASS">
          <reporter-output>
          </reporter-output>
        </test-method> <!-- setup -->
        <test-method signature="test_storedProcedureExists()[pri:1, instance:StoreProcedureTesting.SPTesting@2accdbb5]" started-at="2023-04-29T03:47:48 PDT" name="test_storedProcedureExists" finished-at="2023-04-29T03:47:48 PDT" duration-ms="273" status="PASS">
          <reporter-output>
          </reporter-output>
        </test-method> <!-- test_storedProcedureExists -->
        <test-method signature="test_SelectAllCustomers()[pri:2, instance:StoreProcedureTesting.SPTesting@2accdbb5]" started-at="2023-04-29T03:47:48 PDT" name="test_SelectAllCustomers" finished-at="2023-04-29T03:47:48 PDT" duration-ms="208" status="PASS">
          <reporter-output>
          </reporter-output>
        </test-method> <!-- test_SelectAllCustomers -->
        <test-method signature="test_SelectAllCustomersByCity()[pri:3, instance:StoreProcedureTesting.SPTesting@2accdbb5]" started-at="2023-04-29T03:47:48 PDT" name="test_SelectAllCustomersByCity" finished-at="2023-04-29T03:47:48 PDT" duration-ms="42" status="PASS">
          <reporter-output>
          </reporter-output>
        </test-method> <!-- test_SelectAllCustomersByCity -->
        <test-method signature="test_SelectAllCustomersByCityAndPincode()[pri:4, instance:StoreProcedureTesting.SPTesting@2accdbb5]" started-at="2023-04-29T03:47:48 PDT" name="test_SelectAllCustomersByCityAndPincode" finished-at="2023-04-29T03:47:48 PDT" duration-ms="26" status="PASS">
          <reporter-output>
          </reporter-output>
        </test-method> <!-- test_SelectAllCustomersByCityAndPincode -->
        <test-method signature="test_get_order_by_cust()[pri:5, instance:StoreProcedureTesting.SPTesting@2accdbb5]" started-at="2023-04-29T03:47:48 PDT" name="test_get_order_by_cust" finished-at="2023-04-29T03:47:48 PDT" duration-ms="33" status="FAIL">
          <exception class="java.sql.SQLException">
            <message>
              <![CDATA[Parameter number 2 is not an OUT parameter]]>
            </message>
            <full-stacktrace>
              <![CDATA[java.sql.SQLException: Parameter number 2 is not an OUT parameter
at com.mysql.cj.jdbc.exceptions.SQLError.createSQLException(SQLError.java:129)
at com.mysql.cj.jdbc.exceptions.SQLError.createSQLException(SQLError.java:97)
at com.mysql.cj.jdbc.exceptions.SQLError.createSQLException(SQLError.java:89)
at com.mysql.cj.jdbc.exceptions.SQLError.createSQLException(SQLError.java:63)
at com.mysql.cj.jdbc.CallableStatement.checkIsOutputParam(CallableStatement.java:645)
at com.mysql.cj.jdbc.CallableStatement.registerOutParameter(CallableStatement.java:1717)
at com.mysql.cj.jdbc.CallableStatement.registerOutParameter(CallableStatement.java:1725)
at StoreProcedureTesting.SPTesting.test_get_order_by_cust(SPTesting.java:122)
at java.base/jdk.internal.reflect.DirectMethodHandleAccessor.invoke(DirectMethodHandleAccessor.java:104)
at java.base/java.lang.reflect.Method.invoke(Method.java:577)
at org.testng.internal.MethodInvocationHelper.invokeMethod(MethodInvocationHelper.java:133)
at org.testng.internal.TestInvoker.invokeMethod(TestInvoker.java:598)
at org.testng.internal.TestInvoker.invokeTestMethod(TestInvoker.java:173)
at org.testng.internal.MethodRunner.runInSequence(MethodRunner.java:46)
at org.testng.internal.TestInvoker$MethodInvocationAgent.invoke(TestInvoker.java:824)
at org.testng.internal.TestInvoker.invokeTestMethods(TestInvoker.java:146)
at org.testng.internal.TestMethodWorker.invokeTestMethods(TestMethodWorker.java:146)
at org.testng.internal.TestMethodWorker.run(TestMethodWorker.java:128)
at java.base/java.util.ArrayList.forEach(ArrayList.java:1511)
at org.testng.TestRunner.privateRun(TestRunner.java:794)
at org.testng.TestRunner.run(TestRunner.java:596)
at org.testng.SuiteRunner.runTest(SuiteRunner.java:377)
at org.testng.SuiteRunner.runSequentially(SuiteRunner.java:371)
at org.testng.SuiteRunner.privateRun(SuiteRunner.java:332)
at org.testng.SuiteRunner.run(SuiteRunner.java:276)
at org.testng.SuiteRunnerWorker.runSuite(SuiteRunnerWorker.java:53)
at org.testng.SuiteRunnerWorker.run(SuiteRunnerWorker.java:96)
at org.testng.TestNG.runSuitesSequentially(TestNG.java:1212)
at org.testng.TestNG.runSuitesLocally(TestNG.java:1134)
at org.testng.TestNG.runSuites(TestNG.java:1063)
at org.testng.TestNG.run(TestNG.java:1031)
at org.testng.remote.AbstractRemoteTestNG.run(AbstractRemoteTestNG.java:115)
at org.testng.remote.RemoteTestNG.initAndRun(RemoteTestNG.java:251)
at org.testng.remote.RemoteTestNG.main(RemoteTestNG.java:77)
]]>
            </full-stacktrace>
          </exception> <!-- java.sql.SQLException -->
          <reporter-output>
          </reporter-output>
        </test-method> <!-- test_get_order_by_cust -->
        <test-method is-config="true" signature="tearDown()[pri:0, instance:StoreProcedureTesting.SPTesting@2accdbb5]" started-at="2023-04-29T03:47:48 PDT" name="tearDown" finished-at="2023-04-29T03:47:48 PDT" duration-ms="4" status="PASS">
          <reporter-output>
          </reporter-output>
        </test-method> <!-- tearDown -->
      </class> <!-- StoreProcedureTesting.SPTesting -->
    </test> <!-- Default test -->
  </suite> <!-- Default suite -->
</testng-results>
